2024-12-05 12:23:16 ERROR EmailApp - Ошибка инициализации: 
java.io.FileNotFoundException: secret.key (Не удается найти указанный файл)
	at java.io.FileInputStream.open0(Native Method) ~[?:?]
	at java.io.FileInputStream.open(FileInputStream.java:211) ~[?:?]
	at java.io.FileInputStream.<init>(FileInputStream.java:153) ~[?:?]
	at java.io.FileInputStream.<init>(FileInputStream.java:108) ~[?:?]
	at EmailApp.EmailApp.loadSecretKey(EmailApp.java:156) ~[EmailApp-1.0-SNAPSHOT.jar:?]
	at EmailApp.EmailApp.decryptPassword(EmailApp.java:151) ~[EmailApp-1.0-SNAPSHOT.jar:?]
	at EmailApp.EmailApp.initAction(EmailApp.java:66) ~[EmailApp-1.0-SNAPSHOT.jar:?]
	at EmailApp.EmailApp.<init>(EmailApp.java:29) ~[EmailApp-1.0-SNAPSHOT.jar:?]
	at EmailApp.EmailApp.lambda$main$5(EmailApp.java:163) ~[EmailApp-1.0-SNAPSHOT.jar:?]
	at java.awt.event.InvocationEvent.dispatch(InvocationEvent.java:316) ~[?:?]
	at java.awt.EventQueue.dispatchEventImpl(EventQueue.java:770) ~[?:?]
	at java.awt.EventQueue$4.run(EventQueue.java:721) ~[?:?]
	at java.awt.EventQueue$4.run(EventQueue.java:715) ~[?:?]
	at java.security.AccessController.doPrivileged(AccessController.java:391) [?:?]
	at java.security.ProtectionDomain$JavaSecurityAccessImpl.doIntersectionPrivilege(ProtectionDomain.java:85) [?:?]
	at java.awt.EventQueue.dispatchEvent(EventQueue.java:740) [?:?]
	at java.awt.EventDispatchThread.pumpOneEventForFilters(EventDispatchThread.java:203) [?:?]
	at java.awt.EventDispatchThread.pumpEventsForFilter(EventDispatchThread.java:124) [?:?]
	at java.awt.EventDispatchThread.pumpEventsForHierarchy(EventDispatchThread.java:113) [?:?]
	at java.awt.EventDispatchThread.pumpEvents(EventDispatchThread.java:109) [?:?]
	at java.awt.EventDispatchThread.pumpEvents(EventDispatchThread.java:101) [?:?]
	at java.awt.EventDispatchThread.run(EventDispatchThread.java:90) [?:?]
